2025-12-09T09:55:27.798-03:00  INFO 34232 --- [tasklist] [main] br.com.jtech.tasklist.StartTasklist      : Starting StartTasklist v1.0.0-SNAPSHOT using Java 21.0.9 with PID 34232 (D:\Users\Felipe Moreira\Documents\Projeto-FazPay\tasklist-backend\build\classes\java\main started by User in D:\Users\Felipe Moreira\Documents\Projeto-FazPay\tasklist-backend)
2025-12-09T09:55:27.803-03:00 DEBUG 34232 --- [tasklist] [main] br.com.jtech.tasklist.StartTasklist      : Running with Spring Boot v3.5.5, Spring v6.2.10
2025-12-09T09:55:27.806-03:00  INFO 34232 --- [tasklist] [main] br.com.jtech.tasklist.StartTasklist      : The following 1 profile is active: "dev"
2025-12-09T09:55:29.000-03:00  INFO 34232 --- [tasklist] [main] .s.d.r.c.RepositoryConfigurationDelegate : Bootstrapping Spring Data JPA repositories in DEFAULT mode.
2025-12-09T09:55:29.093-03:00  INFO 34232 --- [tasklist] [main] .s.d.r.c.RepositoryConfigurationDelegate : Finished Spring Data repository scanning in 60 ms. Found 3 JPA repository interfaces.
2025-12-09T09:55:29.631-03:00  INFO 34232 --- [tasklist] [main] o.s.b.w.embedded.tomcat.TomcatWebServer  : Tomcat initialized with port 8080 (http)
2025-12-09T09:55:29.648-03:00  INFO 34232 --- [tasklist] [main] o.apache.catalina.core.StandardService   : Starting service [Tomcat]
2025-12-09T09:55:29.648-03:00  INFO 34232 --- [tasklist] [main] o.apache.catalina.core.StandardEngine    : Starting Servlet engine: [Apache Tomcat/10.1.44]
2025-12-09T09:55:29.721-03:00  INFO 34232 --- [tasklist] [main] o.a.c.c.C.[Tomcat].[localhost].[/]       : Initializing Spring embedded WebApplicationContext
2025-12-09T09:55:29.721-03:00  INFO 34232 --- [tasklist] [main] w.s.c.ServletWebServerApplicationContext : Root WebApplicationContext: initialization completed in 1853 ms
2025-12-09T09:55:29.874-03:00 DEBUG 34232 --- [tasklist] [main] b.c.j.t.c.i.s.JwtAuthenticationFilter    : Filter 'jwtAuthenticationFilter' configured for use
2025-12-09T09:55:30.109-03:00  INFO 34232 --- [tasklist] [main] com.zaxxer.hikari.HikariDataSource       : HikariPool-1 - Starting...
2025-12-09T09:55:30.271-03:00  INFO 34232 --- [tasklist] [main] com.zaxxer.hikari.pool.HikariPool        : HikariPool-1 - Added connection org.postgresql.jdbc.PgConnection@631944d4
2025-12-09T09:55:30.273-03:00  INFO 34232 --- [tasklist] [main] com.zaxxer.hikari.HikariDataSource       : HikariPool-1 - Start completed.
2025-12-09T09:55:30.304-03:00  INFO 34232 --- [tasklist] [main] org.flywaydb.core.FlywayExecutor         : Database: jdbc:postgresql://localhost:5433/tasklist_db (PostgreSQL 16.11)
2025-12-09T09:55:30.374-03:00  INFO 34232 --- [tasklist] [main] o.f.core.internal.command.DbValidate     : Successfully validated 3 migrations (execution time 00:00.037s)
2025-12-09T09:55:30.410-03:00  INFO 34232 --- [tasklist] [main] o.f.core.internal.command.DbMigrate      : Current version of schema "public": 3
2025-12-09T09:55:30.413-03:00  INFO 34232 --- [tasklist] [main] o.f.core.internal.command.DbMigrate      : Schema "public" is up to date. No migration necessary.
2025-12-09T09:55:30.511-03:00  INFO 34232 --- [tasklist] [main] o.hibernate.jpa.internal.util.LogHelper  : HHH000204: Processing PersistenceUnitInfo [name: default]
2025-12-09T09:55:30.587-03:00  INFO 34232 --- [tasklist] [main] org.hibernate.Version                    : HHH000412: Hibernate ORM core version 6.6.26.Final
2025-12-09T09:55:30.628-03:00  INFO 34232 --- [tasklist] [main] o.h.c.internal.RegionFactoryInitiator    : HHH000026: Second-level cache disabled
2025-12-09T09:55:30.916-03:00  INFO 34232 --- [tasklist] [main] o.s.o.j.p.SpringPersistenceUnitInfo      : No LoadTimeWeaver setup: ignoring JPA class transformer
2025-12-09T09:55:30.982-03:00  WARN 34232 --- [tasklist] [main] org.hibernate.orm.deprecation            : HHH90000025: PostgreSQLDialect does not need to be specified explicitly using 'hibernate.dialect' (remove the property setting and it will be selected by default)
2025-12-09T09:55:31.002-03:00  INFO 34232 --- [tasklist] [main] org.hibernate.orm.connections.pooling    : HHH10001005: Database info:
	Database JDBC URL [Connecting through datasource 'HikariDataSource (HikariPool-1)']
	Database driver: undefined/unknown
	Database version: 16.11
	Autocommit mode: undefined/unknown
	Isolation level: undefined/unknown
	Minimum pool size: undefined/unknown
	Maximum pool size: undefined/unknown
2025-12-09T09:55:31.991-03:00  INFO 34232 --- [tasklist] [main] o.h.e.t.j.p.i.JtaPlatformInitiator       : HHH000489: No JTA platform available (set 'hibernate.transaction.jta.platform' to enable JTA platform integration)
2025-12-09T09:55:32.040-03:00  INFO 34232 --- [tasklist] [main] j.LocalContainerEntityManagerFactoryBean : Initialized JPA EntityManagerFactory for persistence unit 'default'
2025-12-09T09:55:32.389-03:00  INFO 34232 --- [tasklist] [main] o.s.d.j.r.query.QueryEnhancerFactory     : Hibernate is in classpath; If applicable, HQL parser will be used.
2025-12-09T09:55:33.235-03:00  WARN 34232 --- [tasklist] [main] JpaBaseConfiguration$JpaWebConfiguration : spring.jpa.open-in-view is enabled by default. Therefore, database queries may be performed during view rendering. Explicitly configure spring.jpa.open-in-view to disable this warning
2025-12-09T09:55:33.984-03:00  INFO 34232 --- [tasklist] [main] o.s.b.a.e.web.EndpointLinksResolver      : Exposing 15 endpoints beneath base path '/actuator'
2025-12-09T09:55:34.027-03:00  INFO 34232 --- [tasklist] [main] r$InitializeUserDetailsManagerConfigurer : Global AuthenticationManager configured with UserDetailsService bean with name userDetailsServiceImpl
2025-12-09T09:55:34.492-03:00  INFO 34232 --- [tasklist] [main] o.s.b.w.embedded.tomcat.TomcatWebServer  : Tomcat started on port 8080 (http) with context path '/'
2025-12-09T09:55:34.505-03:00  INFO 34232 --- [tasklist] [main] br.com.jtech.tasklist.StartTasklist      : Started StartTasklist in 7.292 seconds (process running for 7.702)
2025-12-09T09:55:34.690-03:00  INFO 34232 --- [tasklist] [main] b.c.j.t.c.i.utils.ReadyEventListener     : >>> Connector Ready
2025-12-09T09:55:34.690-03:00  INFO 34232 --- [tasklist] [main] b.c.j.t.c.i.utils.ReadyEventListener     : ======================================================
2025-12-09T09:55:34.690-03:00  INFO 34232 --- [tasklist] [main] b.c.j.t.c.i.utils.ReadyEventListener     : == Execute mode:.....................'LOCAL'
2025-12-09T09:55:34.690-03:00  INFO 34232 --- [tasklist] [main] b.c.j.t.c.i.utils.ReadyEventListener     : ======================================================
2025-12-09T10:05:04.719-03:00  INFO 34232 --- [tasklist] [http-nio-8080-exec-1] o.a.c.c.C.[Tomcat].[localhost].[/]       : Initializing Spring DispatcherServlet 'dispatcherServlet'
2025-12-09T10:05:04.719-03:00  INFO 34232 --- [tasklist] [http-nio-8080-exec-1] o.s.web.servlet.DispatcherServlet        : Initializing Servlet 'dispatcherServlet'
2025-12-09T10:05:04.721-03:00  INFO 34232 --- [tasklist] [http-nio-8080-exec-1] o.s.web.servlet.DispatcherServlet        : Completed initialization in 2 ms
2025-12-09T10:12:21.095-03:00  INFO 23444 --- [tasklist] [main] br.com.jtech.tasklist.StartTasklist      : Starting StartTasklist v1.0.0-SNAPSHOT using Java 21.0.9 with PID 23444 (D:\Users\Felipe Moreira\Documents\Projeto-FazPay\tasklist-backend\build\classes\java\main started by User in D:\Users\Felipe Moreira\Documents\Projeto-FazPay\tasklist-backend)
2025-12-09T10:12:21.097-03:00 DEBUG 23444 --- [tasklist] [main] br.com.jtech.tasklist.StartTasklist      : Running with Spring Boot v3.5.5, Spring v6.2.10
2025-12-09T10:12:21.098-03:00  INFO 23444 --- [tasklist] [main] br.com.jtech.tasklist.StartTasklist      : The following 1 profile is active: "dev"
2025-12-09T10:12:22.134-03:00  INFO 23444 --- [tasklist] [main] .s.d.r.c.RepositoryConfigurationDelegate : Bootstrapping Spring Data JPA repositories in DEFAULT mode.
2025-12-09T10:12:22.196-03:00  INFO 23444 --- [tasklist] [main] .s.d.r.c.RepositoryConfigurationDelegate : Finished Spring Data repository scanning in 53 ms. Found 3 JPA repository interfaces.
2025-12-09T10:12:22.687-03:00  INFO 23444 --- [tasklist] [main] o.s.b.w.embedded.tomcat.TomcatWebServer  : Tomcat initialized with port 8080 (http)
2025-12-09T10:12:22.701-03:00  INFO 23444 --- [tasklist] [main] o.apache.catalina.core.StandardService   : Starting service [Tomcat]
2025-12-09T10:12:22.701-03:00  INFO 23444 --- [tasklist] [main] o.apache.catalina.core.StandardEngine    : Starting Servlet engine: [Apache Tomcat/10.1.44]
2025-12-09T10:12:22.774-03:00  INFO 23444 --- [tasklist] [main] o.a.c.c.C.[Tomcat].[localhost].[/]       : Initializing Spring embedded WebApplicationContext
2025-12-09T10:12:22.775-03:00  INFO 23444 --- [tasklist] [main] w.s.c.ServletWebServerApplicationContext : Root WebApplicationContext: initialization completed in 1625 ms
2025-12-09T10:12:22.903-03:00 DEBUG 23444 --- [tasklist] [main] b.c.j.t.c.i.s.JwtAuthenticationFilter    : Filter 'jwtAuthenticationFilter' configured for use
2025-12-09T10:12:23.106-03:00  INFO 23444 --- [tasklist] [main] com.zaxxer.hikari.HikariDataSource       : HikariPool-1 - Starting...
2025-12-09T10:12:23.244-03:00  INFO 23444 --- [tasklist] [main] com.zaxxer.hikari.pool.HikariPool        : HikariPool-1 - Added connection org.postgresql.jdbc.PgConnection@376498da
2025-12-09T10:12:23.245-03:00  INFO 23444 --- [tasklist] [main] com.zaxxer.hikari.HikariDataSource       : HikariPool-1 - Start completed.
2025-12-09T10:12:23.275-03:00  INFO 23444 --- [tasklist] [main] org.flywaydb.core.FlywayExecutor         : Database: jdbc:postgresql://localhost:5433/tasklist_db (PostgreSQL 16.11)
2025-12-09T10:12:23.332-03:00  INFO 23444 --- [tasklist] [main] o.f.core.internal.command.DbValidate     : Successfully validated 3 migrations (execution time 00:00.029s)
2025-12-09T10:12:23.372-03:00  INFO 23444 --- [tasklist] [main] o.f.core.internal.command.DbMigrate      : Current version of schema "public": 3
2025-12-09T10:12:23.375-03:00  INFO 23444 --- [tasklist] [main] o.f.core.internal.command.DbMigrate      : Schema "public" is up to date. No migration necessary.
2025-12-09T10:12:23.461-03:00  INFO 23444 --- [tasklist] [main] o.hibernate.jpa.internal.util.LogHelper  : HHH000204: Processing PersistenceUnitInfo [name: default]
2025-12-09T10:12:23.515-03:00  INFO 23444 --- [tasklist] [main] org.hibernate.Version                    : HHH000412: Hibernate ORM core version 6.6.26.Final
2025-12-09T10:12:23.551-03:00  INFO 23444 --- [tasklist] [main] o.h.c.internal.RegionFactoryInitiator    : HHH000026: Second-level cache disabled
2025-12-09T10:12:23.820-03:00  INFO 23444 --- [tasklist] [main] o.s.o.j.p.SpringPersistenceUnitInfo      : No LoadTimeWeaver setup: ignoring JPA class transformer
2025-12-09T10:12:23.874-03:00  WARN 23444 --- [tasklist] [main] org.hibernate.orm.deprecation            : HHH90000025: PostgreSQLDialect does not need to be specified explicitly using 'hibernate.dialect' (remove the property setting and it will be selected by default)
2025-12-09T10:12:23.889-03:00  INFO 23444 --- [tasklist] [main] org.hibernate.orm.connections.pooling    : HHH10001005: Database info:
	Database JDBC URL [Connecting through datasource 'HikariDataSource (HikariPool-1)']
	Database driver: undefined/unknown
	Database version: 16.11
	Autocommit mode: undefined/unknown
	Isolation level: undefined/unknown
	Minimum pool size: undefined/unknown
	Maximum pool size: undefined/unknown
2025-12-09T10:12:24.790-03:00  INFO 23444 --- [tasklist] [main] o.h.e.t.j.p.i.JtaPlatformInitiator       : HHH000489: No JTA platform available (set 'hibernate.transaction.jta.platform' to enable JTA platform integration)
2025-12-09T10:12:24.836-03:00  INFO 23444 --- [tasklist] [main] j.LocalContainerEntityManagerFactoryBean : Initialized JPA EntityManagerFactory for persistence unit 'default'
2025-12-09T10:12:25.163-03:00  INFO 23444 --- [tasklist] [main] o.s.d.j.r.query.QueryEnhancerFactory     : Hibernate is in classpath; If applicable, HQL parser will be used.
2025-12-09T10:12:26.016-03:00  WARN 23444 --- [tasklist] [main] JpaBaseConfiguration$JpaWebConfiguration : spring.jpa.open-in-view is enabled by default. Therefore, database queries may be performed during view rendering. Explicitly configure spring.jpa.open-in-view to disable this warning
2025-12-09T10:12:26.682-03:00  INFO 23444 --- [tasklist] [main] o.s.b.a.e.web.EndpointLinksResolver      : Exposing 15 endpoints beneath base path '/actuator'
2025-12-09T10:12:26.717-03:00  INFO 23444 --- [tasklist] [main] r$InitializeUserDetailsManagerConfigurer : Global AuthenticationManager configured with UserDetailsService bean with name userDetailsServiceImpl
2025-12-09T10:12:27.095-03:00  INFO 23444 --- [tasklist] [main] o.s.b.w.embedded.tomcat.TomcatWebServer  : Tomcat started on port 8080 (http) with context path '/'
2025-12-09T10:12:27.107-03:00  INFO 23444 --- [tasklist] [main] br.com.jtech.tasklist.StartTasklist      : Started StartTasklist in 6.524 seconds (process running for 6.878)
2025-12-09T10:12:27.161-03:00  INFO 23444 --- [tasklist] [main] b.c.j.t.c.i.utils.ReadyEventListener     : >>> Connector Ready
2025-12-09T10:12:27.161-03:00  INFO 23444 --- [tasklist] [main] b.c.j.t.c.i.utils.ReadyEventListener     : ======================================================
2025-12-09T10:12:27.161-03:00  INFO 23444 --- [tasklist] [main] b.c.j.t.c.i.utils.ReadyEventListener     : == Execute mode:.....................'LOCAL'
2025-12-09T10:12:27.161-03:00  INFO 23444 --- [tasklist] [main] b.c.j.t.c.i.utils.ReadyEventListener     : ======================================================
2025-12-09T10:12:43.628-03:00  INFO 23444 --- [tasklist] [http-nio-8080-exec-1] o.a.c.c.C.[Tomcat].[localhost].[/]       : Initializing Spring DispatcherServlet 'dispatcherServlet'
2025-12-09T10:12:43.628-03:00  INFO 23444 --- [tasklist] [http-nio-8080-exec-1] o.s.web.servlet.DispatcherServlet        : Initializing Servlet 'dispatcherServlet'
2025-12-09T10:12:43.628-03:00  INFO 23444 --- [tasklist] [http-nio-8080-exec-1] o.s.web.servlet.DispatcherServlet        : Completed initialization in 0 ms
2025-12-09T10:19:50.208-03:00  INFO 29360 --- [tasklist] [main] br.com.jtech.tasklist.StartTasklist      : Starting StartTasklist using Java 21.0.9 with PID 29360 (D:\Users\Felipe Moreira\Documents\Projeto-FazPay\tasklist-backend\build\classes\java\main started by User in D:\Users\Felipe Moreira\Documents\Projeto-FazPay\tasklist-backend)
2025-12-09T10:19:50.211-03:00 DEBUG 29360 --- [tasklist] [main] br.com.jtech.tasklist.StartTasklist      : Running with Spring Boot v3.3.5, Spring v6.1.14
2025-12-09T10:19:50.212-03:00  INFO 29360 --- [tasklist] [main] br.com.jtech.tasklist.StartTasklist      : The following 1 profile is active: "dev"
2025-12-09T10:19:51.282-03:00  INFO 29360 --- [tasklist] [main] .s.d.r.c.RepositoryConfigurationDelegate : Bootstrapping Spring Data JPA repositories in DEFAULT mode.
2025-12-09T10:19:51.350-03:00  INFO 29360 --- [tasklist] [main] .s.d.r.c.RepositoryConfigurationDelegate : Finished Spring Data repository scanning in 60 ms. Found 3 JPA repository interfaces.
2025-12-09T10:19:52.134-03:00  INFO 29360 --- [tasklist] [main] o.s.b.w.embedded.tomcat.TomcatWebServer  : Tomcat initialized with port 8080 (http)
2025-12-09T10:19:52.151-03:00  INFO 29360 --- [tasklist] [main] o.apache.catalina.core.StandardService   : Starting service [Tomcat]
2025-12-09T10:19:52.151-03:00  INFO 29360 --- [tasklist] [main] o.apache.catalina.core.StandardEngine    : Starting Servlet engine: [Apache Tomcat/10.1.31]
2025-12-09T10:19:52.231-03:00  INFO 29360 --- [tasklist] [main] o.a.c.c.C.[Tomcat].[localhost].[/]       : Initializing Spring embedded WebApplicationContext
2025-12-09T10:19:52.231-03:00  INFO 29360 --- [tasklist] [main] w.s.c.ServletWebServerApplicationContext : Root WebApplicationContext: initialization completed in 1962 ms
2025-12-09T10:19:52.428-03:00 DEBUG 29360 --- [tasklist] [main] b.c.j.t.c.i.s.JwtAuthenticationFilter    : Filter 'jwtAuthenticationFilter' configured for use
2025-12-09T10:19:52.640-03:00  INFO 29360 --- [tasklist] [main] com.zaxxer.hikari.HikariDataSource       : HikariPool-1 - Starting...
2025-12-09T10:19:52.781-03:00  INFO 29360 --- [tasklist] [main] com.zaxxer.hikari.pool.HikariPool        : HikariPool-1 - Added connection org.postgresql.jdbc.PgConnection@5315266
2025-12-09T10:19:52.784-03:00  INFO 29360 --- [tasklist] [main] com.zaxxer.hikari.HikariDataSource       : HikariPool-1 - Start completed.
2025-12-09T10:19:52.814-03:00  INFO 29360 --- [tasklist] [main] org.flywaydb.core.FlywayExecutor         : Database: jdbc:postgresql://localhost:5433/tasklist_db (PostgreSQL 16.11)
2025-12-09T10:19:52.868-03:00  INFO 29360 --- [tasklist] [main] o.f.core.internal.command.DbValidate     : Successfully validated 3 migrations (execution time 00:00.031s)
2025-12-09T10:19:52.904-03:00  INFO 29360 --- [tasklist] [main] o.f.core.internal.command.DbMigrate      : Current version of schema "public": 3
2025-12-09T10:19:52.907-03:00  INFO 29360 --- [tasklist] [main] o.f.core.internal.command.DbMigrate      : Schema "public" is up to date. No migration necessary.
2025-12-09T10:19:53.011-03:00  INFO 29360 --- [tasklist] [main] o.hibernate.jpa.internal.util.LogHelper  : HHH000204: Processing PersistenceUnitInfo [name: default]
2025-12-09T10:19:53.072-03:00  INFO 29360 --- [tasklist] [main] org.hibernate.Version                    : HHH000412: Hibernate ORM core version 6.5.3.Final
2025-12-09T10:19:53.105-03:00  INFO 29360 --- [tasklist] [main] o.h.c.internal.RegionFactoryInitiator    : HHH000026: Second-level cache disabled
2025-12-09T10:19:53.411-03:00  INFO 29360 --- [tasklist] [main] o.s.o.j.p.SpringPersistenceUnitInfo      : No LoadTimeWeaver setup: ignoring JPA class transformer
2025-12-09T10:19:53.466-03:00  WARN 29360 --- [tasklist] [main] org.hibernate.orm.deprecation            : HHH90000025: PostgreSQLDialect does not need to be specified explicitly using 'hibernate.dialect' (remove the property setting and it will be selected by default)
2025-12-09T10:19:54.473-03:00  INFO 29360 --- [tasklist] [main] o.h.e.t.j.p.i.JtaPlatformInitiator       : HHH000489: No JTA platform available (set 'hibernate.transaction.jta.platform' to enable JTA platform integration)
2025-12-09T10:19:54.515-03:00  INFO 29360 --- [tasklist] [main] j.LocalContainerEntityManagerFactoryBean : Initialized JPA EntityManagerFactory for persistence unit 'default'
2025-12-09T10:19:54.905-03:00  INFO 29360 --- [tasklist] [main] o.s.d.j.r.query.QueryEnhancerFactory     : Hibernate is in classpath; If applicable, HQL parser will be used.
2025-12-09T10:19:55.566-03:00  WARN 29360 --- [tasklist] [main] JpaBaseConfiguration$JpaWebConfiguration : spring.jpa.open-in-view is enabled by default. Therefore, database queries may be performed during view rendering. Explicitly configure spring.jpa.open-in-view to disable this warning
2025-12-09T10:19:55.598-03:00  INFO 29360 --- [tasklist] [main] r$InitializeUserDetailsManagerConfigurer : Global AuthenticationManager configured with UserDetailsService bean with name userDetailsServiceImpl
2025-12-09T10:19:56.478-03:00  INFO 29360 --- [tasklist] [main] o.s.b.a.e.web.EndpointLinksResolver      : Exposing 16 endpoints beneath base path '/actuator'
2025-12-09T10:19:57.035-03:00  INFO 29360 --- [tasklist] [main] o.s.b.w.embedded.tomcat.TomcatWebServer  : Tomcat started on port 8080 (http) with context path '/'
2025-12-09T10:19:57.048-03:00  INFO 29360 --- [tasklist] [main] br.com.jtech.tasklist.StartTasklist      : Started StartTasklist in 7.388 seconds (process running for 7.854)
2025-12-09T10:19:57.103-03:00  INFO 29360 --- [tasklist] [main] b.c.j.t.c.i.utils.ReadyEventListener     : >>> Connector Ready
2025-12-09T10:19:57.103-03:00  INFO 29360 --- [tasklist] [main] b.c.j.t.c.i.utils.ReadyEventListener     : ======================================================
2025-12-09T10:19:57.103-03:00  INFO 29360 --- [tasklist] [main] b.c.j.t.c.i.utils.ReadyEventListener     : == Execute mode:.....................'LOCAL'
2025-12-09T10:19:57.103-03:00  INFO 29360 --- [tasklist] [main] b.c.j.t.c.i.utils.ReadyEventListener     : ======================================================
2025-12-09T10:20:04.230-03:00  INFO 29360 --- [tasklist] [http-nio-8080-exec-1] o.a.c.c.C.[Tomcat].[localhost].[/]       : Initializing Spring DispatcherServlet 'dispatcherServlet'
2025-12-09T10:20:04.230-03:00  INFO 29360 --- [tasklist] [http-nio-8080-exec-1] o.s.web.servlet.DispatcherServlet        : Initializing Servlet 'dispatcherServlet'
2025-12-09T10:20:04.230-03:00  INFO 29360 --- [tasklist] [http-nio-8080-exec-1] o.s.web.servlet.DispatcherServlet        : Completed initialization in 0 ms
2025-12-09T10:20:05.314-03:00  INFO 29360 --- [tasklist] [http-nio-8080-exec-2] o.springdoc.api.AbstractOpenApiResource  : Init duration for springdoc-openapi is: 511 ms
